12:43:15 **** Rebuild of configuration Debug for project TP4 ****
Info: Internal Builder is used for build
gcc -O0 -g3 -Wall -c -fmessage-length=0 -o "testing\\src\\newTest.o" "..\\testing\\src\\newTest.c" 
gcc -O0 -g3 -Wall -c -fmessage-length=0 -o "testing\\src\\clearTest.o" "..\\testing\\src\\clearTest.c" 
gcc -O0 -g3 -Wall -c -fmessage-length=0 -o "testing\\src\\removeTest.o" "..\\testing\\src\\removeTest.c" 
gcc -O0 -g3 -Wall -c -fmessage-length=0 -o "testing\\src\\subListTest.o" "..\\testing\\src\\subListTest.c" 
gcc -O0 -g3 -Wall -c -fmessage-length=0 -o "testing\\src\\lenTest.o" "..\\testing\\src\\lenTest.c" 
gcc -O0 -g3 -Wall -c -fmessage-length=0 -o "testing\\src\\sortTest.o" "..\\testing\\src\\sortTest.c" 
gcc -O0 -g3 -Wall -c -fmessage-length=0 -o "testing\\src\\Passenger.o" "..\\testing\\src\\Passenger.c" 
gcc -O0 -g3 -Wall -c -fmessage-length=0 -o "testing\\src\\getNodeTest.o" "..\\testing\\src\\getNodeTest.c" 
gcc -O0 -g3 -Wall -c -fmessage-length=0 -o "testing\\src\\popTest.o" "..\\testing\\src\\popTest.c" 
gcc -O0 -g3 -Wall -c -fmessage-length=0 -o "testing\\src\\setTest.o" "..\\testing\\src\\setTest.c" 
gcc -O0 -g3 -Wall -c -fmessage-length=0 -o "testing\\utest.o" "..\\testing\\utest.c" 
gcc -O0 -g3 -Wall -c -fmessage-length=0 -o "src\\main.o" "..\\src\\main.c" 
gcc -O0 -g3 -Wall -c -fmessage-length=0 -o "testing\\src\\getTest.o" "..\\testing\\src\\getTest.c" 
gcc -O0 -g3 -Wall -c -fmessage-length=0 -o "testing\\src\\containsTest.o" "..\\testing\\src\\containsTest.c" 
gcc -O0 -g3 -Wall -c -fmessage-length=0 -o "testing\\src\\deleteLinkedListTest.o" "..\\testing\\src\\deleteLinkedListTest.c" 
gcc -O0 -g3 -Wall -c -fmessage-length=0 -o "src\\LinkedList.o" "..\\src\\LinkedList.c" 
gcc -O0 -g3 -Wall -c -fmessage-length=0 -o "testing\\src\\containsAllTest.o" "..\\testing\\src\\containsAllTest.c" 
gcc -O0 -g3 -Wall -c -fmessage-length=0 -o "testing\\src\\addTest.o" "..\\testing\\src\\addTest.c" 
In file included from ..\testing\src\addTest.c:37:
..\testing\src\addTest.c: In function 'addTestCase03':
..\testing\src\../../testing/utest.h:61:127: warning: '
   ' directive writing 2 bytes into a region of size between 1 and 256 [-Wformat-overflow=]
   61 | #define utest_assertEqualsPointerMsg(A,B,C){ if(A!=B){ utest_print2("assert equals failed '%p' != '%p'\r\n",A,B);utest_print1("%s\r\n",C); utest_flagTestError=1; utest_lineTestError = __LINE__;  utest_fileTestError = __FILENAME__;return; } }
      |                                                                                                                               ^~~~~~~~
..\testing\src\../../testing/utest.h:27:62: note: in definition of macro 'utest_print1'
   27 | #define utest_print1(MSG,VAR1)   { sprintf(utest_printBuffer,MSG,VAR1); strcat(utest_printErrorBuffer,utest_printBuffer);}
      |                                                              ^~~
..\testing\src\addTest.c:106:9: note: in expansion of macro 'utest_assertEqualsPointerMsg'
  106 |         utest_assertEqualsPointerMsg(nodoAux->pElement,pAux[i],msg);
      |         ^~~~~~~~~~~~~~~~~~~~~~~~~~~~
In file included from ..\testing\src\addTest.c:37:
..\testing\src\../../testing/utest.h:61:130: note: format string is defined here
   61 | #define utest_assertEqualsPointerMsg(A,B,C){ if(A!=B){ utest_print2("assert equals failed '%p' != '%p'\r\n",A,B);utest_print1("%s\r\n",C); utest_flagTestError=1; utest_lineTestError = __LINE__;  utest_fileTestError = __FILENAME__;return; } }
      |                                                                                                                                  ^~~~
In file included from ..\testing\src\addTest.c:37:
..\testing\src\../../testing/utest.h:27:36: note: 'sprintf' output between 3 and 258 bytes into a destination of size 256
   27 | #define utest_print1(MSG,VAR1)   { sprintf(utest_printBuffer,MSG,VAR1); strcat(utest_printErrorBuffer,utest_printBuffer);}
      |                                    ^~~~~~~~~~~~~~~~~~~~~~~~~~~~~~~~~~~
..\testing\src\../../testing/utest.h:61:114: note: in expansion of macro 'utest_print1'
   61 | #define utest_assertEqualsPointerMsg(A,B,C){ if(A!=B){ utest_print2("assert equals failed '%p' != '%p'\r\n",A,B);utest_print1("%s\r\n",C); utest_flagTestError=1; utest_lineTestError = __LINE__;  utest_fileTestError = __FILENAME__;return; } }
      |                                                                                                                  ^~~~~~~~~~~~
..\testing\src\addTest.c:106:9: note: in expansion of macro 'utest_assertEqualsPointerMsg'
  106 |         utest_assertEqualsPointerMsg(nodoAux->pElement,pAux[i],msg);
      |         ^~~~~~~~~~~~~~~~~~~~~~~~~~~~
gcc -O0 -g3 -Wall -c -fmessage-length=0 -o "testing\\src\\indexOfTest.o" "..\\testing\\src\\indexOfTest.c" 
gcc -O0 -g3 -Wall -c -fmessage-length=0 -o "testing\\src\\isEmptyTest.o" "..\\testing\\src\\isEmptyTest.c" 
gcc -O0 -g3 -Wall -c -fmessage-length=0 -o "testing\\src\\addNodeTest.o" "..\\testing\\src\\addNodeTest.c" 
In file included from ..\testing\src\addNodeTest.c:19:
..\testing\src\addNodeTest.c: In function 'addNodeTestCase03':
..\testing\src\../../testing/utest.h:61:127: warning: '
   ' directive writing 2 bytes into a region of size between 1 and 256 [-Wformat-overflow=]
   61 | #define utest_assertEqualsPointerMsg(A,B,C){ if(A!=B){ utest_print2("assert equals failed '%p' != '%p'\r\n",A,B);utest_print1("%s\r\n",C); utest_flagTestError=1; utest_lineTestError = __LINE__;  utest_fileTestError = __FILENAME__;return; } }
      |                                                                                                                               ^~~~~~~~
..\testing\src\../../testing/utest.h:27:62: note: in definition of macro 'utest_print1'
   27 | #define utest_print1(MSG,VAR1)   { sprintf(utest_printBuffer,MSG,VAR1); strcat(utest_printErrorBuffer,utest_printBuffer);}
      |                                                              ^~~
..\testing\src\addNodeTest.c:87:9: note: in expansion of macro 'utest_assertEqualsPointerMsg'
   87 |         utest_assertEqualsPointerMsg(nodoAux->pElement,pAux[i],msg);
      |         ^~~~~~~~~~~~~~~~~~~~~~~~~~~~
In file included from ..\testing\src\addNodeTest.c:19:
..\testing\src\../../testing/utest.h:61:130: note: format string is defined here
   61 | #define utest_assertEqualsPointerMsg(A,B,C){ if(A!=B){ utest_print2("assert equals failed '%p' != '%p'\r\n",A,B);utest_print1("%s\r\n",C); utest_flagTestError=1; utest_lineTestError = __LINE__;  utest_fileTestError = __FILENAME__;return; } }
      |                                                                                                                                  ^~~~
In file included from ..\testing\src\addNodeTest.c:19:
..\testing\src\../../testing/utest.h:27:36: note: 'sprintf' output between 3 and 258 bytes into a destination of size 256
   27 | #define utest_print1(MSG,VAR1)   { sprintf(utest_printBuffer,MSG,VAR1); strcat(utest_printErrorBuffer,utest_printBuffer);}
      |                                    ^~~~~~~~~~~~~~~~~~~~~~~~~~~~~~~~~~~
..\testing\src\../../testing/utest.h:61:114: note: in expansion of macro 'utest_print1'
   61 | #define utest_assertEqualsPointerMsg(A,B,C){ if(A!=B){ utest_print2("assert equals failed '%p' != '%p'\r\n",A,B);utest_print1("%s\r\n",C); utest_flagTestError=1; utest_lineTestError = __LINE__;  utest_fileTestError = __FILENAME__;return; } }
      |                                                                                                                  ^~~~~~~~~~~~
..\testing\src\addNodeTest.c:87:9: note: in expansion of macro 'utest_assertEqualsPointerMsg'
   87 |         utest_assertEqualsPointerMsg(nodoAux->pElement,pAux[i],msg);
      |         ^~~~~~~~~~~~~~~~~~~~~~~~~~~~
..\testing\src\addNodeTest.c: In function 'addNodeTestCase05':
..\testing\src\../../testing/utest.h:61:127: warning: '
   ' directive writing 2 bytes into a region of size between 1 and 256 [-Wformat-overflow=]
   61 | #define utest_assertEqualsPointerMsg(A,B,C){ if(A!=B){ utest_print2("assert equals failed '%p' != '%p'\r\n",A,B);utest_print1("%s\r\n",C); utest_flagTestError=1; utest_lineTestError = __LINE__;  utest_fileTestError = __FILENAME__;return; } }
      |                                                                                                                               ^~~~~~~~
..\testing\src\../../testing/utest.h:27:62: note: in definition of macro 'utest_print1'
   27 | #define utest_print1(MSG,VAR1)   { sprintf(utest_printBuffer,MSG,VAR1); strcat(utest_printErrorBuffer,utest_printBuffer);}
      |                                                              ^~~
..\testing\src\addNodeTest.c:127:9: note: in expansion of macro 'utest_assertEqualsPointerMsg'
  127 |         utest_assertEqualsPointerMsg(nodoAux->pElement,pAux[i],msg);
      |         ^~~~~~~~~~~~~~~~~~~~~~~~~~~~
In file included from ..\testing\src\addNodeTest.c:19:
..\testing\src\../../testing/utest.h:61:130: note: format string is defined here
   61 | #define utest_assertEqualsPointerMsg(A,B,C){ if(A!=B){ utest_print2("assert equals failed '%p' != '%p'\r\n",A,B);utest_print1("%s\r\n",C); utest_flagTestError=1; utest_lineTestError = __LINE__;  utest_fileTestError = __FILENAME__;return; } }
      |                                                                                                                                  ^~~~
In file included from ..\testing\src\addNodeTest.c:19:
..\testing\src\../../testing/utest.h:27:36: note: 'sprintf' output between 3 and 258 bytes into a destination of size 256
   27 | #define utest_print1(MSG,VAR1)   { sprintf(utest_printBuffer,MSG,VAR1); strcat(utest_printErrorBuffer,utest_printBuffer);}
      |                                    ^~~~~~~~~~~~~~~~~~~~~~~~~~~~~~~~~~~
..\testing\src\../../testing/utest.h:61:114: note: in expansion of macro 'utest_print1'
   61 | #define utest_assertEqualsPointerMsg(A,B,C){ if(A!=B){ utest_print2("assert equals failed '%p' != '%p'\r\n",A,B);utest_print1("%s\r\n",C); utest_flagTestError=1; utest_lineTestError = __LINE__;  utest_fileTestError = __FILENAME__;return; } }
      |                                                                                                                  ^~~~~~~~~~~~
..\testing\src\addNodeTest.c:127:9: note: in expansion of macro 'utest_assertEqualsPointerMsg'
  127 |         utest_assertEqualsPointerMsg(nodoAux->pElement,pAux[i],msg);
      |         ^~~~~~~~~~~~~~~~~~~~~~~~~~~~
gcc -O0 -g3 -Wall -c -fmessage-length=0 -o "testing\\src\\cloneTest.o" "..\\testing\\src\\cloneTest.c" 
gcc -O0 -g3 -Wall -c -fmessage-length=0 -o "testing\\src\\main_test.o" "..\\testing\\src\\main_test.c" 
gcc -O0 -g3 -Wall -c -fmessage-length=0 -o "testing\\src\\pushTest.o" "..\\testing\\src\\pushTest.c" 
In file included from ..\testing\src\pushTest.c:19:
..\testing\src\pushTest.c: In function 'pushTestCase03':
..\testing\src\../../testing/utest.h:61:127: warning: '
   ' directive writing 2 bytes into a region of size between 1 and 256 [-Wformat-overflow=]
   61 | #define utest_assertEqualsPointerMsg(A,B,C){ if(A!=B){ utest_print2("assert equals failed '%p' != '%p'\r\n",A,B);utest_print1("%s\r\n",C); utest_flagTestError=1; utest_lineTestError = __LINE__;  utest_fileTestError = __FILENAME__;return; } }
      |                                                                                                                               ^~~~~~~~
..\testing\src\../../testing/utest.h:27:62: note: in definition of macro 'utest_print1'
   27 | #define utest_print1(MSG,VAR1)   { sprintf(utest_printBuffer,MSG,VAR1); strcat(utest_printErrorBuffer,utest_printBuffer);}
      |                                                              ^~~
..\testing\src\pushTest.c:90:9: note: in expansion of macro 'utest_assertEqualsPointerMsg'
   90 |         utest_assertEqualsPointerMsg(pElement,pAux[i],msg);
      |         ^~~~~~~~~~~~~~~~~~~~~~~~~~~~
In file included from ..\testing\src\pushTest.c:19:
..\testing\src\../../testing/utest.h:61:130: note: format string is defined here
   61 | #define utest_assertEqualsPointerMsg(A,B,C){ if(A!=B){ utest_print2("assert equals failed '%p' != '%p'\r\n",A,B);utest_print1("%s\r\n",C); utest_flagTestError=1; utest_lineTestError = __LINE__;  utest_fileTestError = __FILENAME__;return; } }
      |                                                                                                                                  ^~~~
In file included from ..\testing\src\pushTest.c:19:
..\testing\src\../../testing/utest.h:27:36: note: 'sprintf' output between 3 and 258 bytes into a destination of size 256
   27 | #define utest_print1(MSG,VAR1)   { sprintf(utest_printBuffer,MSG,VAR1); strcat(utest_printErrorBuffer,utest_printBuffer);}
      |                                    ^~~~~~~~~~~~~~~~~~~~~~~~~~~~~~~~~~~
..\testing\src\../../testing/utest.h:61:114: note: in expansion of macro 'utest_print1'
   61 | #define utest_assertEqualsPointerMsg(A,B,C){ if(A!=B){ utest_print2("assert equals failed '%p' != '%p'\r\n",A,B);utest_print1("%s\r\n",C); utest_flagTestError=1; utest_lineTestError = __LINE__;  utest_fileTestError = __FILENAME__;return; } }
      |                                                                                                                  ^~~~~~~~~~~~
..\testing\src\pushTest.c:90:9: note: in expansion of macro 'utest_assertEqualsPointerMsg'
   90 |         utest_assertEqualsPointerMsg(pElement,pAux[i],msg);
      |         ^~~~~~~~~~~~~~~~~~~~~~~~~~~~
gcc -o TP4 "src\\LinkedList.o" "src\\main.o" "testing\\src\\Passenger.o" "testing\\src\\addNodeTest.o" "testing\\src\\addTest.o" "testing\\src\\clearTest.o" "testing\\src\\cloneTest.o" "testing\\src\\containsAllTest.o" "testing\\src\\containsTest.o" "testing\\src\\deleteLinkedListTest.o" "testing\\src\\getNodeTest.o" "testing\\src\\getTest.o" "testing\\src\\indexOfTest.o" "testing\\src\\isEmptyTest.o" "testing\\src\\lenTest.o" "testing\\src\\main_test.o" "testing\\src\\newTest.o" "testing\\src\\popTest.o" "testing\\src\\pushTest.o" "testing\\src\\removeTest.o" "testing\\src\\setTest.o" "testing\\src\\sortTest.o" "testing\\src\\subListTest.o" "testing\\utest.o" 

12:43:22 Build Finished. 0 errors, 4 warnings. (took 6s.669ms)

